2023-10-14T12:38:00Z,ERROR,Unexpected database shutdown,db-server-3,12365,pqrst-01234-rstuv
2023-10-14T12:38:05Z,WARN,Low disk space detected,db-server-3,12366,rstuv-12345-stuvw
2023-10-14T12:38:10Z,INFO,Database connection pool increased,db-server-3,12367,stuvw-23456-tuvwx
2023-10-14T12:38:15Z,INFO,User session extended,db-server-3,12368,tuvwx-34567-uvwxy
2023-10-14T12:38:20Z,INFO,Data integrity check started,db-server-3,12369,uvwxy-45678-wxxyz
2023-10-14T12:38:25Z,INFO,Data integrity check passed,db-server-3,12370,wxxyz-56789-xyzab
2023-10-14T12:38:30Z,INFO,New index created for optimization,db-server-3,12371,xyzab-67890-yzabc
2023-10-14T12:38:35Z,INFO,Old data archived,db-server-3,12372,yzabc-78901-zabcd
2023-10-14T12:38:40Z,INFO,Database statistics updated,db-server-3,12373,zabcd-89012-abcef
2023-10-14T12:38:45Z,INFO,User feedback recorded,db-server-3,12374,abcef-90123-bcdef
2023-10-14T12:38:50Z,INFO,Security patch applied,db-server-3,12375,bcdef-01234-cdefg
2023-10-14T12:38:55Z,INFO,Database schema updated,db-server-3,12376,cdefg-12345-defgh
2023-10-14T12:39:00Z,INFO,Periodic backup initiated,db-server-3,12377,defgh-23456-efghi
2023-10-14T12:39:05Z,INFO,Periodic backup completed,db-server-3,12378,efghi-34567-fghij
2023-10-14T12:39:10Z,INFO,New user roles defined,db-server-3,12379,fghij-45678-ghijk
2023-10-14T12:39:15Z,INFO,User permissions updated,db-server-3,12380,ghijk-56789-hijkl
2023-10-14T12:39:20Z,INFO,Database health check passed,db-server-3,12381,hijkl-67890-ijklm
2023-10-14T12:39:25Z,INFO,Redundancy checks initiated,db-server-3,12382,ijklm-78901-jklmn
2023-10-14T12:39:30Z,INFO,Redundancy checks completed,db-server-3,12383,jklmn-89012-klmno
2023-10-14T12:39:35Z,INFO,Database ready for new connections,db-server-3,12384,klmno-90123-lmnop