2023-10-14T12:42:00Z,WARN,Failed login attempts threshold reached,db-server-4,12385,lmnop-01234-mnopq
2023-10-14T12:42:05Z,WARN,Database connection limit nearing,db-server-4,12386,mnopq-12345-nopqr
2023-10-14T12:42:10Z,INFO,New security tokens generated,db-server-4,12387,nopqr-23456-opqrs
2023-10-14T12:42:15Z,INFO,Database maintenance mode activated,db-server-4,12388,opqrs-34567-pqrst
2023-10-14T12:42:20Z,INFO,Database logs archived,db-server-4,12389,pqrst-45678-rstuv
2023-10-14T12:42:25Z,INFO,Database maintenance mode deactivated,db-server-4,12390,rstuv-56789-stuvw
2023-10-14T12:42:30Z,INFO,New API endpoints registered,db-server-4,12391,stuvw-67890-tuvwx
2023-10-14T12:42:35Z,INFO,Database cache cleared,db-server-4,12392,tuvwx-78901-uvwxy
2023-10-14T12:42:40Z,INFO,Database connections optimized,db-server-4,12393,uvwxy-89012-wxxyz
2023-10-14T12:42:45Z,INFO,Database cluster nodes synchronized,db-server-4,12394,wxxyz-90123-xyzab
2023-10-14T12:42:50Z,INFO,Database failover test initiated,db-server-4,12395,xyzab-01234-yzabc
2023-10-14T12:42:55Z,INFO,Database failover test completed,db-server-4,12396,yzabc-12345-zabcd
2023-10-14T12:43:00Z,INFO,Database storage expanded,db-server-4,12397,zabcd-23456-abcef
2023-10-14T12:43:05Z,INFO,Database performance metrics updated,db-server-4,12398,abcef-34567-bcdef
2023-10-14T12:43:10Z,INFO,Database query planner updated,db-server-4,12399,bcdef-45678-cdefg
2023-10-14T12:43:15Z,INFO,Database user sessions audited,db-server-4,12400,cdefg-56789-defgh
2023-10-14T12:43:20Z,INFO,Database SSL certificates renewed,db-server-4,12401,defgh-67890-efghi
2023-10-14T12:43:25Z,INFO,Database plugins updated,db-server-4,12402,efghi-78901-fghij
2023-10-14T12:43:30Z,INFO,Database timezone settings adjusted,db-server-4,12403,fghij-89012-ghijk
2023-10-14T12:43:35Z,INFO,Database ready for transactions,db-server-4,12404,ghijk-90123-hijkl